1934-----https://miraclecbdproducts.com/images/product-images/cbd-hot-chocolate.png
1934-----https://miraclecbdproducts.com/images/product-images/cbd-hot-chocolate.png
1934-----https://miraclecbdproducts.com/images/product-images/cbd-hot-chocolate.png
1934-----https://miraclecbdproducts.com/images/product-images/cbd-hot-chocolate.png
1934-----https://miraclecbdproducts.com/images/product-images/cbd-hot-chocolate.png
1934-----https://miraclecbdproducts.com/images/product-images/cbd-hot-chocolate.png
43949-----https://miraclecbdproducts.com/images/product-images/wake-n-bake-cbd-organic-ground-coffee-dark-roast.png
43951-----https://miraclecbdproducts.com/images/product-images/cbd-hot-chocolate.png
43953-----https://miraclecbdproducts.com/images/product-images/strawberry-sugar-cbd-lip-gloss.jpg
43953-----https://miraclecbdproducts.com/images/product-images/strawberry-sugar-cbd-lip-gloss.jpg
43956-----https://miraclecbdproducts.com/images/product-images/daily-cbd-cat-treat.png
43960-----https://miraclecbdproducts.com/images/product-images/cbd-hangover-recovery-blue-raspberry.png
43962-----https://miraclecbdproducts.com/images/product-images/cbd-hangover-recovery-fruit-punch.png
43964-----https://miraclecbdproducts.com/images/product-images/cbd-hangover-recovery-lemon-lime.png
43966-----https://miraclecbdproducts.com/images/product-images/cbd-gummy-bear-bottle-30ct.png
43968-----https://miraclecbdproducts.com/images/product-images/cbd-lollipops-wild-cherry.png
43970-----https://miraclecbdproducts.com/images/product-images/decaf-cbd-coffee-cbd-coffee-single-serve-cup-box-of-6-.png
43972-----https://miraclecbdproducts.com/images/product-images/miracle-socks.png
43951-----https://miraclecbdproducts.com/images/product-images/cbd-hot-chocolate.png
43949-----https://miraclecbdproducts.com/images/product-images/wake-n-bake-cbd-organic-ground-coffee-dark-roast.png
43960-----https://miraclecbdproducts.com/images/product-images/cbd-hangover-recovery-blue-raspberry.png
43962-----https://miraclecbdproducts.com/images/product-images/cbd-hangover-recovery-fruit-punch.png
43964-----https://miraclecbdproducts.com/images/product-images/cbd-hangover-recovery-lemon-lime.png
43966-----https://miraclecbdproducts.com/images/product-images/cbd-gummy-bear-bottle-30ct.png
43968-----https://miraclecbdproducts.com/images/product-images/cbd-lollipops-wild-cherry.png
43956-----https://miraclecbdproducts.com/images/product-images/daily-cbd-cat-treat.png
43970-----https://miraclecbdproducts.com/images/product-images/decaf-cbd-coffee-cbd-coffee-single-serve-cup-box-of-6-.png
44227-----https://miraclecbdproducts.com/images/product-images/cbd-gummies-assorted.png
43956-----https://miraclecbdproducts.com/images/product-images/daily-cbd-cat-treat.png
44230-----https://miraclecbdproducts.com/images/product-images/cbd-sugar-cubes-equine-144ct.png
44232-----https://miraclecbdproducts.com/images/product-images/cbd-anti-aging-serum.png
43951-----https://miraclecbdproducts.com/images/product-images/cbd-hot-chocolate.png
43951-----https://miraclecbdproducts.com/images/product-images/cbd-hot-chocolate.png
44305-----https://miraclecbdproducts.com/images/product-images/full-spectrum-equine-cbd-tincture-oil-8oz.png
44307-----https://miraclecbdproducts.com/images/product-images/cbd-hangover-recovery-orange-hangover.png
